2025-11-17T09:09:08Z ERR Cannot determine default origin certificate path. No file cert.pem in [~/.cloudflared ~/.cloudflare-warp ~/cloudflare-warp /etc/cloudflared /usr/local/etc/cloudflared]. You need to specify the origin certificate path by specifying the origincert option in the configuration file, or set TUNNEL_ORIGIN_CERT environment variable originCertPath=
2025-11-17T09:09:08Z ERR Cannot determine default origin certificate path. No file cert.pem in [~/.cloudflared ~/.cloudflare-warp ~/cloudflare-warp /etc/cloudflared /usr/local/etc/cloudflared]. You need to specify the origin certificate path by specifying the origincert option in the configuration file, or set TUNNEL_ORIGIN_CERT environment variable originCertPath=
failed to create tunnel: couldn't create client to talk to Cloudflare Tunnel backend: Error locating origin cert: client didn't specify origincert path
2025-11-17T09:16:39Z ERR Cannot determine default origin certificate path. No file cert.pem in [~/.cloudflared ~/.cloudflare-warp ~/cloudflare-warp /etc/cloudflared /usr/local/etc/cloudflared]. You need to specify the origin certificate path by specifying the origincert option in the configuration file, or set TUNNEL_ORIGIN_CERT environment variable originCertPath=
2025-11-17T09:16:39Z ERR Cannot determine default origin certificate path. No file cert.pem in [~/.cloudflared ~/.cloudflare-warp ~/cloudflare-warp /etc/cloudflared /usr/local/etc/cloudflared]. You need to specify the origin certificate path by specifying the origincert option in the configuration file, or set TUNNEL_ORIGIN_CERT environment variable originCertPath=
failed to create tunnel: couldn't create client to talk to Cloudflare Tunnel backend: Error locating origin cert: client didn't specify origincert path
2025-11-17T09:19:24Z INF Thank you for trying Cloudflare Tunnel. Doing so, without a Cloudflare account, is a quick way to experiment and try it out. However, be aware that these account-less Tunnels have no uptime guarantee, are subject to the Cloudflare Online Services Terms of Use (https://www.cloudflare.com/website-terms/), and Cloudflare reserves the right to investigate your use of Tunnels for violations of such terms. If you intend to use Tunnels in production you should use a pre-created named tunnel by following: https://developers.cloudflare.com/cloudflare-one/connections/connect-apps
2025-11-17T09:19:24Z INF Requesting new quick Tunnel on trycloudflare.com...
2025-11-17T09:19:29Z INF +--------------------------------------------------------------------------------------------+
2025-11-17T09:19:29Z INF |  Your quick Tunnel has been created! Visit it at (it may take some time to be reachable):  |
2025-11-17T09:19:29Z INF |  https://pichunter-doing-computers-resolution.trycloudflare.com                            |
2025-11-17T09:19:29Z INF +--------------------------------------------------------------------------------------------+
2025-11-17T09:19:29Z INF Cannot determine default configuration path. No file [config.yml config.yaml] in [~/.cloudflared ~/.cloudflare-warp ~/cloudflare-warp /etc/cloudflared /usr/local/etc/cloudflared]
2025-11-17T09:19:29Z INF Version 2025.11.1 (Checksum f30cfd8c7db6ceae1c8f49579bc9835f4116c587af9c3a3819e28de6d7c2a0b0)
2025-11-17T09:19:29Z INF GOOS: linux, GOVersion: go1.24.9, GoArch: arm64
2025-11-17T09:19:29Z INF Settings: map[ha-connections:1 protocol:quic url:http://localhost:3000]
2025-11-17T09:19:29Z INF cloudflared will not automatically update if installed by a package manager.
2025-11-17T09:19:29Z INF Generated Connector ID: 8617401a-c98f-45a9-bb65-5382c35e359c
2025-11-17T09:19:29Z INF Initial protocol quic
2025-11-17T09:19:29Z INF ICMP proxy will use 10.120.9.136 as source for IPv4
2025-11-17T09:19:29Z INF ICMP proxy will use fe80::d046:28f3:6f78:5e81 in zone eth0 as source for IPv6
2025-11-17T09:19:29Z ERR Cannot determine default origin certificate path. No file cert.pem in [~/.cloudflared ~/.cloudflare-warp ~/cloudflare-warp /etc/cloudflared /usr/local/etc/cloudflared]. You need to specify the origin certificate path by specifying the origincert option in the configuration file, or set TUNNEL_ORIGIN_CERT environment variable originCertPath=
2025-11-17T09:19:29Z INF ICMP proxy will use 10.120.9.136 as source for IPv4
2025-11-17T09:19:29Z INF ICMP proxy will use fe80::d046:28f3:6f78:5e81 in zone eth0 as source for IPv6
2025-11-17T09:19:29Z INF Starting metrics server on 127.0.0.1:20241/metrics
2025-11-17T09:19:29Z INF Tunnel connection curve preferences: [X25519MLKEM768 CurveP256] connIndex=0 event=0 ip=198.41.192.227
2025/11/17 09:19:29 failed to sufficiently increase receive buffer size (was: 208 kiB, wanted: 7168 kiB, got: 416 kiB). See https://github.com/quic-go/quic-go/wiki/UDP-Buffer-Sizes for details.
2025-11-17T09:19:29Z INF Registered tunnel connection connIndex=0 connection=10df5e02-a2d3-429b-b353-de88ae139919 event=0 ip=198.41.192.227 location=fra08 protocol=quic
